<?xml version="1.0" encoding="UTF-8"?>
<!-- Generated by org.testng.reporters.JUnitReportReporter -->
<testsuite hostname="KerioFW" name="angel_test" tests="1" failures="0" timestamp="22 May 2015 15:01:06 GMT" time="4.730" errors="0">
  <testcase name="AngelTest" time="4.730" classname="angel_test"/>
</testsuite> <!-- angel_test -->
